c:\users\demoh_000\source\repos\mnistwrapper\mnistwrapper\debug\mnistwrapper.pch
c:\users\demoh_000\source\repos\mnistwrapper\mnistwrapper\debug\vc141.pdb
c:\users\demoh_000\source\repos\mnistwrapper\mnistwrapper\debug\stdafx.obj
c:\users\demoh_000\source\repos\mnistwrapper\mnistwrapper\debug\neuralnetwork.obj
c:\users\demoh_000\source\repos\mnistwrapper\mnistwrapper\debug\mnistwrapper.obj
c:\users\demoh_000\source\repos\mnistwrapper\mnistwrapper\debug\mnist.obj
c:\users\demoh_000\source\repos\mnistwrapper\mnistwrapper\debug\assemblyinfo.obj
c:\users\demoh_000\source\repos\mnistwrapper\mnistwrapper\debug\.netframework,version=v4.6.1.assemblyattributes.obj
c:\users\demoh_000\source\repos\mnistwrapper\mnistwrapper\debug\.netframework,version=v4.6.1.assemblyattributes.asm
c:\users\demoh_000\source\repos\mnistwrapper\debug\mnistwrapper.dll
c:\users\demoh_000\source\repos\mnistwrapper\debug\mnistwrapper.pdb
c:\users\demoh_000\source\repos\mnistwrapper\mnistwrapper\debug\app.res
c:\users\demoh_000\source\repos\mnistwrapper\mnistwrapper\debug\mnistwrapper.vcxprojresolveassemblyreference.cache
c:\users\demoh_000\source\repos\mnistwrapper\mnistwrapper\debug\mnistwrapper.tlog\cl.command.1.tlog
c:\users\demoh_000\source\repos\mnistwrapper\mnistwrapper\debug\mnistwrapper.tlog\cl.read.1.tlog
c:\users\demoh_000\source\repos\mnistwrapper\mnistwrapper\debug\mnistwrapper.tlog\cl.write.1.tlog
c:\users\demoh_000\source\repos\mnistwrapper\mnistwrapper\debug\mnistwrapper.tlog\link.command.1.tlog
c:\users\demoh_000\source\repos\mnistwrapper\mnistwrapper\debug\mnistwrapper.tlog\link.read.1.tlog
c:\users\demoh_000\source\repos\mnistwrapper\mnistwrapper\debug\mnistwrapper.tlog\link.write.1.tlog
c:\users\demoh_000\source\repos\mnistwrapper\mnistwrapper\debug\mnistwrapper.tlog\metagen.read.1.tlog
c:\users\demoh_000\source\repos\mnistwrapper\mnistwrapper\debug\mnistwrapper.tlog\metagen.write.1.tlog
c:\users\demoh_000\source\repos\mnistwrapper\mnistwrapper\debug\mnistwrapper.tlog\rc.command.1.tlog
c:\users\demoh_000\source\repos\mnistwrapper\mnistwrapper\debug\mnistwrapper.tlog\rc.read.1.tlog
c:\users\demoh_000\source\repos\mnistwrapper\mnistwrapper\debug\mnistwrapper.tlog\rc.write.1.tlog
c:\users\demoh_000\source\repos\mnistwrapper\mnistwrapper\debug\mnistwrapper.tlog\tzres.dll.bi
